09/01/2024 20:36:21 - https://httpbin.org/status/200 - online: true. Site "https://httpbin.org/status/200" foi carregado com sucesso!
09/01/2024 20:36:21 - https://httpbin.org/status/404 - online: false. Site "https://httpbin.org/status/404" está com problemas. Status Code: 404
09/01/2024 20:36:22 - https://www.alura.com.br - online: true. Site "https://www.alura.com.br" foi carregado com sucesso!
09/01/2024 20:36:22 - https://bluwaysistemas.ddns.net - online: true. Site "https://bluwaysistemas.ddns.net" foi carregado com sucesso!
09/01/2024 20:36:22 - ds - online: false. Site "ds" está com problemas. Erro: Get "ds": unsupported protocol scheme ""
09/01/2024 20:36:22 - https://www.globo.com - online: true. Site "https://www.globo.com" foi carregado com sucesso!
09/01/2024 20:36:22 - https://google.com - online: true. Site "https://google.com" foi carregado com sucesso!
09/01/2024 20:36:28 - https://httpbin.org/status/200 - online: true. Site "https://httpbin.org/status/200" foi carregado com sucesso!
09/01/2024 20:36:28 - https://httpbin.org/status/404 - online: false. Site "https://httpbin.org/status/404" está com problemas. Status Code: 404
09/01/2024 20:36:28 - https://www.alura.com.br - online: true. Site "https://www.alura.com.br" foi carregado com sucesso!
09/01/2024 20:36:28 - https://bluwaysistemas.ddns.net - online: true. Site "https://bluwaysistemas.ddns.net" foi carregado com sucesso!
09/01/2024 20:36:28 - ds - online: false. Site "ds" está com problemas. Erro: Get "ds": unsupported protocol scheme ""
09/01/2024 20:36:28 - https://www.globo.com - online: true. Site "https://www.globo.com" foi carregado com sucesso!
09/01/2024 20:36:29 - https://google.com - online: true. Site "https://google.com" foi carregado com sucesso!
09/01/2024 20:36:34 - https://httpbin.org/status/200 - online: true. Site "https://httpbin.org/status/200" foi carregado com sucesso!
09/01/2024 20:36:34 - https://httpbin.org/status/404 - online: false. Site "https://httpbin.org/status/404" está com problemas. Status Code: 404
09/01/2024 20:36:34 - https://www.alura.com.br - online: true. Site "https://www.alura.com.br" foi carregado com sucesso!
09/01/2024 20:36:34 - https://bluwaysistemas.ddns.net - online: true. Site "https://bluwaysistemas.ddns.net" foi carregado com sucesso!
09/01/2024 20:36:34 - ds - online: false. Site "ds" está com problemas. Erro: Get "ds": unsupported protocol scheme ""
09/01/2024 20:36:34 - https://www.globo.com - online: true. Site "https://www.globo.com" foi carregado com sucesso!
09/01/2024 20:36:34 - https://google.com - online: true. Site "https://google.com" foi carregado com sucesso!
09/01/2024 20:36:40 - https://httpbin.org/status/200 - online: true. Site "https://httpbin.org/status/200" foi carregado com sucesso!
09/01/2024 20:36:40 - https://httpbin.org/status/404 - online: false. Site "https://httpbin.org/status/404" está com problemas. Status Code: 404
09/01/2024 20:36:40 - https://www.alura.com.br - online: true. Site "https://www.alura.com.br" foi carregado com sucesso!
09/01/2024 20:36:40 - https://bluwaysistemas.ddns.net - online: true. Site "https://bluwaysistemas.ddns.net" foi carregado com sucesso!
09/01/2024 20:36:40 - ds - online: false. Site "ds" está com problemas. Erro: Get "ds": unsupported protocol scheme ""
09/01/2024 20:36:40 - https://www.globo.com - online: true. Site "https://www.globo.com" foi carregado com sucesso!
09/01/2024 20:36:40 - https://google.com - online: true. Site "https://google.com" foi carregado com sucesso!
