17/12/2023 14:33:12 - https://httpbin.org/status/200 - online: true. Site "https://httpbin.org/status/200" foi carregado com sucesso!
17/12/2023 14:33:12 - https://httpbin.org/status/404 - online: false. Site "https://httpbin.org/status/404" está com problemas. Status Code: 404
17/12/2023 14:33:13 - https://www.alura.com.br - online: true. Site "https://www.alura.com.br" foi carregado com sucesso!
17/12/2023 14:33:13 - https://bluwaysistemas.ddns.net - online: true. Site "https://bluwaysistemas.ddns.net" foi carregado com sucesso!
17/12/2023 14:33:13 - ds - online: false. Site "ds" está com problemas. Erro: Get "ds": unsupported protocol scheme ""
17/12/2023 14:33:13 - https://www.globo.com - online: true. Site "https://www.globo.com" foi carregado com sucesso!
17/12/2023 14:33:13 - https://google.com - online: true. Site "https://google.com" foi carregado com sucesso!
17/12/2023 14:33:18 - https://httpbin.org/status/200 - online: true. Site "https://httpbin.org/status/200" foi carregado com sucesso!
17/12/2023 14:33:19 - https://httpbin.org/status/404 - online: false. Site "https://httpbin.org/status/404" está com problemas. Status Code: 404
17/12/2023 14:33:19 - https://www.alura.com.br - online: true. Site "https://www.alura.com.br" foi carregado com sucesso!
17/12/2023 14:33:19 - https://bluwaysistemas.ddns.net - online: true. Site "https://bluwaysistemas.ddns.net" foi carregado com sucesso!
17/12/2023 14:33:19 - ds - online: false. Site "ds" está com problemas. Erro: Get "ds": unsupported protocol scheme ""
17/12/2023 14:33:19 - https://www.globo.com - online: true. Site "https://www.globo.com" foi carregado com sucesso!
17/12/2023 14:33:19 - https://google.com - online: true. Site "https://google.com" foi carregado com sucesso!
17/12/2023 14:33:24 - https://httpbin.org/status/200 - online: true. Site "https://httpbin.org/status/200" foi carregado com sucesso!
17/12/2023 14:33:24 - https://httpbin.org/status/404 - online: false. Site "https://httpbin.org/status/404" está com problemas. Status Code: 404
17/12/2023 14:33:24 - https://www.alura.com.br - online: true. Site "https://www.alura.com.br" foi carregado com sucesso!
17/12/2023 14:33:24 - https://bluwaysistemas.ddns.net - online: true. Site "https://bluwaysistemas.ddns.net" foi carregado com sucesso!
17/12/2023 14:33:24 - ds - online: false. Site "ds" está com problemas. Erro: Get "ds": unsupported protocol scheme ""
17/12/2023 14:33:25 - https://www.globo.com - online: true. Site "https://www.globo.com" foi carregado com sucesso!
17/12/2023 14:33:25 - https://google.com - online: true. Site "https://google.com" foi carregado com sucesso!
17/12/2023 14:33:30 - https://httpbin.org/status/200 - online: true. Site "https://httpbin.org/status/200" foi carregado com sucesso!
17/12/2023 14:33:30 - https://httpbin.org/status/404 - online: false. Site "https://httpbin.org/status/404" está com problemas. Status Code: 404
17/12/2023 14:33:30 - https://www.alura.com.br - online: true. Site "https://www.alura.com.br" foi carregado com sucesso!
17/12/2023 14:33:30 - https://bluwaysistemas.ddns.net - online: true. Site "https://bluwaysistemas.ddns.net" foi carregado com sucesso!
17/12/2023 14:33:30 - ds - online: false. Site "ds" está com problemas. Erro: Get "ds": unsupported protocol scheme ""
17/12/2023 14:33:30 - https://www.globo.com - online: true. Site "https://www.globo.com" foi carregado com sucesso!
17/12/2023 14:33:30 - https://google.com - online: true. Site "https://google.com" foi carregado com sucesso!
17/12/2023 14:34:13 - https://httpbin.org/status/200 - online: true. Site "https://httpbin.org/status/200" foi carregado com sucesso!
17/12/2023 14:34:13 - https://httpbin.org/status/404 - online: false. Site "https://httpbin.org/status/404" está com problemas. Status Code: 404
17/12/2023 14:34:13 - https://www.alura.com.br - online: true. Site "https://www.alura.com.br" foi carregado com sucesso!
17/12/2023 14:34:13 - https://bluwaysistemas.ddns.net - online: true. Site "https://bluwaysistemas.ddns.net" foi carregado com sucesso!
17/12/2023 14:34:13 - ds - online: false. Site "ds" está com problemas. Erro: Get "ds": unsupported protocol scheme ""
17/12/2023 14:34:13 - https://www.globo.com - online: true. Site "https://www.globo.com" foi carregado com sucesso!
17/12/2023 14:34:14 - https://google.com - online: true. Site "https://google.com" foi carregado com sucesso!
17/12/2023 14:34:19 - https://httpbin.org/status/200 - online: true. Site "https://httpbin.org/status/200" foi carregado com sucesso!
17/12/2023 14:34:19 - https://httpbin.org/status/404 - online: false. Site "https://httpbin.org/status/404" está com problemas. Status Code: 404
17/12/2023 14:34:19 - https://www.alura.com.br - online: true. Site "https://www.alura.com.br" foi carregado com sucesso!
17/12/2023 14:34:19 - https://bluwaysistemas.ddns.net - online: true. Site "https://bluwaysistemas.ddns.net" foi carregado com sucesso!
17/12/2023 14:34:19 - ds - online: false. Site "ds" está com problemas. Erro: Get "ds": unsupported protocol scheme ""
17/12/2023 14:34:19 - https://www.globo.com - online: true. Site "https://www.globo.com" foi carregado com sucesso!
17/12/2023 14:34:19 - https://google.com - online: true. Site "https://google.com" foi carregado com sucesso!
17/12/2023 14:34:25 - https://httpbin.org/status/200 - online: true. Site "https://httpbin.org/status/200" foi carregado com sucesso!
17/12/2023 14:34:25 - https://httpbin.org/status/404 - online: false. Site "https://httpbin.org/status/404" está com problemas. Status Code: 404
17/12/2023 14:34:25 - https://www.alura.com.br - online: true. Site "https://www.alura.com.br" foi carregado com sucesso!
17/12/2023 14:34:25 - https://bluwaysistemas.ddns.net - online: true. Site "https://bluwaysistemas.ddns.net" foi carregado com sucesso!
17/12/2023 14:34:25 - ds - online: false. Site "ds" está com problemas. Erro: Get "ds": unsupported protocol scheme ""
17/12/2023 14:34:25 - https://www.globo.com - online: true. Site "https://www.globo.com" foi carregado com sucesso!
17/12/2023 14:34:25 - https://google.com - online: true. Site "https://google.com" foi carregado com sucesso!
17/12/2023 14:34:30 - https://httpbin.org/status/200 - online: true. Site "https://httpbin.org/status/200" foi carregado com sucesso!
17/12/2023 14:34:31 - https://httpbin.org/status/404 - online: false. Site "https://httpbin.org/status/404" está com problemas. Status Code: 404
17/12/2023 14:34:31 - https://www.alura.com.br - online: true. Site "https://www.alura.com.br" foi carregado com sucesso!
17/12/2023 14:34:31 - https://bluwaysistemas.ddns.net - online: true. Site "https://bluwaysistemas.ddns.net" foi carregado com sucesso!
17/12/2023 14:34:31 - ds - online: false. Site "ds" está com problemas. Erro: Get "ds": unsupported protocol scheme ""
17/12/2023 14:34:31 - https://www.globo.com - online: true. Site "https://www.globo.com" foi carregado com sucesso!
17/12/2023 14:34:31 - https://google.com - online: true. Site "https://google.com" foi carregado com sucesso!
17/12/2023 14:51:37 - https://httpbin.org/status/200 - online: true. Site "https://httpbin.org/status/200" foi carregado com sucesso!
17/12/2023 14:51:38 - https://httpbin.org/status/404 - online: false. Site "https://httpbin.org/status/404" está com problemas. Status Code: 404
17/12/2023 14:51:38 - https://www.alura.com.br - online: true. Site "https://www.alura.com.br" foi carregado com sucesso!
17/12/2023 14:51:38 - https://bluwaysistemas.ddns.net - online: true. Site "https://bluwaysistemas.ddns.net" foi carregado com sucesso!
17/12/2023 14:51:38 - ds - online: false. Site "ds" está com problemas. Erro: Get "ds": unsupported protocol scheme ""
17/12/2023 14:51:38 - https://www.globo.com - online: true. Site "https://www.globo.com" foi carregado com sucesso!
17/12/2023 14:51:38 - https://google.com - online: true. Site "https://google.com" foi carregado com sucesso!
17/12/2023 14:51:44 - https://httpbin.org/status/200 - online: true. Site "https://httpbin.org/status/200" foi carregado com sucesso!
17/12/2023 14:51:44 - https://httpbin.org/status/404 - online: false. Site "https://httpbin.org/status/404" está com problemas. Status Code: 404
17/12/2023 14:51:44 - https://www.alura.com.br - online: true. Site "https://www.alura.com.br" foi carregado com sucesso!
17/12/2023 14:51:44 - https://bluwaysistemas.ddns.net - online: true. Site "https://bluwaysistemas.ddns.net" foi carregado com sucesso!
17/12/2023 14:51:44 - ds - online: false. Site "ds" está com problemas. Erro: Get "ds": unsupported protocol scheme ""
17/12/2023 14:51:44 - https://www.globo.com - online: true. Site "https://www.globo.com" foi carregado com sucesso!
17/12/2023 14:51:44 - https://google.com - online: true. Site "https://google.com" foi carregado com sucesso!
17/12/2023 14:51:49 - https://httpbin.org/status/200 - online: true. Site "https://httpbin.org/status/200" foi carregado com sucesso!
17/12/2023 14:51:49 - https://httpbin.org/status/404 - online: false. Site "https://httpbin.org/status/404" está com problemas. Status Code: 404
17/12/2023 14:51:49 - https://www.alura.com.br - online: true. Site "https://www.alura.com.br" foi carregado com sucesso!
17/12/2023 14:51:50 - https://bluwaysistemas.ddns.net - online: true. Site "https://bluwaysistemas.ddns.net" foi carregado com sucesso!
17/12/2023 14:51:50 - ds - online: false. Site "ds" está com problemas. Erro: Get "ds": unsupported protocol scheme ""
17/12/2023 14:51:50 - https://www.globo.com - online: true. Site "https://www.globo.com" foi carregado com sucesso!
17/12/2023 14:51:50 - https://google.com - online: true. Site "https://google.com" foi carregado com sucesso!
17/12/2023 14:51:55 - https://httpbin.org/status/200 - online: true. Site "https://httpbin.org/status/200" foi carregado com sucesso!
17/12/2023 14:51:56 - https://httpbin.org/status/404 - online: false. Site "https://httpbin.org/status/404" está com problemas. Status Code: 404
17/12/2023 14:51:56 - https://www.alura.com.br - online: true. Site "https://www.alura.com.br" foi carregado com sucesso!
17/12/2023 14:51:56 - https://bluwaysistemas.ddns.net - online: true. Site "https://bluwaysistemas.ddns.net" foi carregado com sucesso!
17/12/2023 14:51:56 - ds - online: false. Site "ds" está com problemas. Erro: Get "ds": unsupported protocol scheme ""
17/12/2023 14:51:56 - https://www.globo.com - online: true. Site "https://www.globo.com" foi carregado com sucesso!
17/12/2023 14:51:56 - https://google.com - online: true. Site "https://google.com" foi carregado com sucesso!
